<?xml version="1.0" encoding="UTF-8"?>
<testng-results skipped="0" failed="0" ignored="0" total="3" passed="3">
  <reporter-output>
  </reporter-output>
  <suite name="Default suite" duration-ms="4299" started-at="2021-10-09T15:00:14 IST" finished-at="2021-10-09T15:00:18 IST">
    <groups>
    </groups>
    <test name="Default test" duration-ms="4299" started-at="2021-10-09T15:00:14 IST" finished-at="2021-10-09T15:00:18 IST">
      <class name="Files.DynamicJson">
        <test-method status="PASS" signature="addBook(java.lang.String,java.lang.String)[pri:0, instance:Files.DynamicJson@27a8c74e]" name="addBook" duration-ms="3866" started-at="2021-10-09T15:00:14 IST" data-provider="BooksData" finished-at="2021-10-09T15:00:18 IST">
          <params>
            <param index="0">
              <value>
                <![CDATA[aaa]]>
              </value>
            </param>
            <param index="1">
              <value>
                <![CDATA[1234]]>
              </value>
            </param>
          </params>
          <reporter-output>
          </reporter-output>
        </test-method> <!-- addBook -->
        <test-method status="PASS" signature="addBook(java.lang.String,java.lang.String)[pri:0, instance:Files.DynamicJson@27a8c74e]" name="addBook" duration-ms="212" started-at="2021-10-09T15:00:18 IST" data-provider="BooksData" finished-at="2021-10-09T15:00:18 IST">
          <params>
            <param index="0">
              <value>
                <![CDATA[bbb]]>
              </value>
            </param>
            <param index="1">
              <value>
                <![CDATA[4567]]>
              </value>
            </param>
          </params>
          <reporter-output>
          </reporter-output>
        </test-method> <!-- addBook -->
        <test-method status="PASS" signature="addBook(java.lang.String,java.lang.String)[pri:0, instance:Files.DynamicJson@27a8c74e]" name="addBook" duration-ms="166" started-at="2021-10-09T15:00:18 IST" data-provider="BooksData" finished-at="2021-10-09T15:00:18 IST">
          <params>
            <param index="0">
              <value>
                <![CDATA[ccc]]>
              </value>
            </param>
            <param index="1">
              <value>
                <![CDATA[7890]]>
              </value>
            </param>
          </params>
          <reporter-output>
          </reporter-output>
        </test-method> <!-- addBook -->
      </class> <!-- Files.DynamicJson -->
    </test> <!-- Default test -->
  </suite> <!-- Default suite -->
</testng-results>
