<?xml version="1.0" encoding="UTF-8"?>
<testng-results skipped="0" failed="0" ignored="0" total="1" passed="1">
  <reporter-output>
  </reporter-output>
  <suite name="Default suite" duration-ms="4102" started-at="2021-10-09T14:57:58 IST" finished-at="2021-10-09T14:58:02 IST">
    <groups>
    </groups>
    <test name="Default test" duration-ms="4102" started-at="2021-10-09T14:57:58 IST" finished-at="2021-10-09T14:58:02 IST">
      <class name="Files.DynamicJson">
        <test-method status="PASS" signature="addBook()[pri:0, instance:Files.DynamicJson@15d0c81b]" name="addBook" duration-ms="4060" started-at="2021-10-09T14:57:58 IST" finished-at="2021-10-09T14:58:02 IST">
          <reporter-output>
          </reporter-output>
        </test-method> <!-- addBook -->
      </class> <!-- Files.DynamicJson -->
    </test> <!-- Default test -->
  </suite> <!-- Default suite -->
</testng-results>
